c:\users\cody\desktop\newplatformer\platformer2\engine\x64\debug\vc140.pdb
c:\users\micha\onedrive\documents\github\newplatformer\platformer2\engine\x64\debug\vc140.pdb
c:\users\micha\onedrive\documents\github\newplatformer\platformer2\engine\x64\debug\vc140.idb
c:\users\micha\onedrive\documents\github\newplatformer\platformer2\engine\x64\debug\collider.obj
c:\users\micha\onedrive\documents\github\newplatformer\platformer2\engine\x64\debug\engine.obj
c:\users\micha\onedrive\documents\github\newplatformer\platformer2\engine\x64\debug\game.obj
c:\users\micha\onedrive\documents\github\newplatformer\platformer2\engine\x64\debug\gameobjects.obj
c:\users\micha\onedrive\documents\github\newplatformer\platformer2\engine\x64\debug\player.obj
c:\users\micha\onedrive\documents\github\newplatformer\platformer2\engine\x64\debug\stdafx.obj
c:\users\cody\desktop\newplatformer\platformer2\engine\x64\debug\engine.ilk
c:\users\cody\desktop\newplatformer\platformer2\engine\x64\debug\engine.exe
c:\users\cody\desktop\newplatformer\platformer2\engine\x64\debug\engine.pdb
c:\users\micha\onedrive\documents\github\newplatformer\platformer2\engine\x64\debug\randos.obj
c:\users\micha\onedrive\documents\github\newplatformer\platformer2\engine\x64\debug\engine.pdb
c:\users\micha\onedrive\documents\github\newplatformer\platformer2\engine\x64\debug\engine.exe
c:\users\micha\onedrive\documents\github\newplatformer\platformer2\engine\x64\debug\engine.tlog\cl.command.1.tlog
c:\users\micha\onedrive\documents\github\newplatformer\platformer2\engine\x64\debug\engine.tlog\cl.read.1.tlog
c:\users\micha\onedrive\documents\github\newplatformer\platformer2\engine\x64\debug\engine.tlog\cl.write.1.tlog
c:\users\micha\onedrive\documents\github\newplatformer\platformer2\engine\x64\debug\engine.tlog\link.command.1.tlog
c:\users\micha\onedrive\documents\github\newplatformer\platformer2\engine\x64\debug\engine.tlog\link.read.1.tlog
c:\users\micha\onedrive\documents\github\newplatformer\platformer2\engine\x64\debug\engine.tlog\link.write.1.tlog
