  GameObjects.cpp
sfml-graphics-s-d.lib(BlendMode.cpp.obj) : warning LNK4204: 'C:\Users\Cody\Desktop\NEWPLATFORMER\Platformer2\Engine\x64\Debug\vc140.pdb' is missing debugging information for referencing module; linking object as if no debug info
sfml-graphics-s-d.lib(Color.cpp.obj) : warning LNK4204: 'C:\Users\Cody\Desktop\NEWPLATFORMER\Platformer2\Engine\x64\Debug\vc140.pdb' is missing debugging information for referencing module; linking object as if no debug info
sfml-graphics-s-d.lib(GLCheck.cpp.obj) : warning LNK4204: 'C:\Users\Cody\Desktop\NEWPLATFORMER\Platformer2\Engine\x64\Debug\vc140.pdb' is missing debugging information for referencing module; linking object as if no debug info
sfml-graphics-s-d.lib(GLExtensions.cpp.obj) : warning LNK4204: 'C:\Users\Cody\Desktop\NEWPLATFORMER\Platformer2\Engine\x64\Debug\vc140.pdb' is missing debugging information for referencing module; linking object as if no debug info
sfml-graphics-s-d.lib(Image.cpp.obj) : warning LNK4204: 'C:\Users\Cody\Desktop\NEWPLATFORMER\Platformer2\Engine\x64\Debug\vc140.pdb' is missing debugging information for referencing module; linking object as if no debug info
sfml-graphics-s-d.lib(ImageLoader.cpp.obj) : warning LNK4204: 'C:\Users\Cody\Desktop\NEWPLATFORMER\Platformer2\Engine\x64\Debug\vc140.pdb' is missing debugging information for referencing module; linking object as if no debug info
sfml-graphics-s-d.lib(RenderStates.cpp.obj) : warning LNK4204: 'C:\Users\Cody\Desktop\NEWPLATFORMER\Platformer2\Engine\x64\Debug\vc140.pdb' is missing debugging information for referencing module; linking object as if no debug info
sfml-graphics-s-d.lib(RenderTarget.cpp.obj) : warning LNK4204: 'C:\Users\Cody\Desktop\NEWPLATFORMER\Platformer2\Engine\x64\Debug\vc140.pdb' is missing debugging information for referencing module; linking object as if no debug info
sfml-graphics-s-d.lib(RenderWindow.cpp.obj) : warning LNK4204: 'C:\Users\Cody\Desktop\NEWPLATFORMER\Platformer2\Engine\x64\Debug\vc140.pdb' is missing debugging information for referencing module; linking object as if no debug info
sfml-graphics-s-d.lib(Shader.cpp.obj) : warning LNK4204: 'C:\Users\Cody\Desktop\NEWPLATFORMER\Platformer2\Engine\x64\Debug\vc140.pdb' is missing debugging information for referencing module; linking object as if no debug info
sfml-graphics-s-d.lib(Texture.cpp.obj) : warning LNK4204: 'C:\Users\Cody\Desktop\NEWPLATFORMER\Platformer2\Engine\x64\Debug\vc140.pdb' is missing debugging information for referencing module; linking object as if no debug info
sfml-graphics-s-d.lib(TextureSaver.cpp.obj) : warning LNK4204: 'C:\Users\Cody\Desktop\NEWPLATFORMER\Platformer2\Engine\x64\Debug\vc140.pdb' is missing debugging information for referencing module; linking object as if no debug info
sfml-graphics-s-d.lib(Transform.cpp.obj) : warning LNK4204: 'C:\Users\Cody\Desktop\NEWPLATFORMER\Platformer2\Engine\x64\Debug\vc140.pdb' is missing debugging information for referencing module; linking object as if no debug info
sfml-graphics-s-d.lib(Transformable.cpp.obj) : warning LNK4204: 'C:\Users\Cody\Desktop\NEWPLATFORMER\Platformer2\Engine\x64\Debug\vc140.pdb' is missing debugging information for referencing module; linking object as if no debug info
sfml-graphics-s-d.lib(View.cpp.obj) : warning LNK4204: 'C:\Users\Cody\Desktop\NEWPLATFORMER\Platformer2\Engine\x64\Debug\vc140.pdb' is missing debugging information for referencing module; linking object as if no debug info
sfml-graphics-s-d.lib(Vertex.cpp.obj) : warning LNK4204: 'C:\Users\Cody\Desktop\NEWPLATFORMER\Platformer2\Engine\x64\Debug\vc140.pdb' is missing debugging information for referencing module; linking object as if no debug info
sfml-graphics-s-d.lib(GLLoader.cpp.obj) : warning LNK4204: 'C:\Users\Cody\Desktop\NEWPLATFORMER\Platformer2\Engine\x64\Debug\vc140.pdb' is missing debugging information for referencing module; linking object as if no debug info
sfml-graphics-s-d.lib(Shape.cpp.obj) : warning LNK4204: 'C:\Users\Cody\Desktop\NEWPLATFORMER\Platformer2\Engine\x64\Debug\vc140.pdb' is missing debugging information for referencing module; linking object as if no debug info
sfml-graphics-s-d.lib(RectangleShape.cpp.obj) : warning LNK4204: 'C:\Users\Cody\Desktop\NEWPLATFORMER\Platformer2\Engine\x64\Debug\vc140.pdb' is missing debugging information for referencing module; linking object as if no debug info
sfml-graphics-s-d.lib(Sprite.cpp.obj) : warning LNK4204: 'C:\Users\Cody\Desktop\NEWPLATFORMER\Platformer2\Engine\x64\Debug\vc140.pdb' is missing debugging information for referencing module; linking object as if no debug info
sfml-graphics-s-d.lib(VertexArray.cpp.obj) : warning LNK4204: 'C:\Users\Cody\Desktop\NEWPLATFORMER\Platformer2\Engine\x64\Debug\vc140.pdb' is missing debugging information for referencing module; linking object as if no debug info
sfml-window-s-d.lib(Context.cpp.obj) : warning LNK4204: 'C:\Users\Cody\Desktop\NEWPLATFORMER\Platformer2\Engine\x64\Debug\vc140.pdb' is missing debugging information for referencing module; linking object as if no debug info
sfml-window-s-d.lib(GlContext.cpp.obj) : warning LNK4204: 'C:\Users\Cody\Desktop\NEWPLATFORMER\Platformer2\Engine\x64\Debug\vc140.pdb' is missing debugging information for referencing module; linking object as if no debug info
sfml-window-s-d.lib(GlResource.cpp.obj) : warning LNK4204: 'C:\Users\Cody\Desktop\NEWPLATFORMER\Platformer2\Engine\x64\Debug\vc140.pdb' is missing debugging information for referencing module; linking object as if no debug info
sfml-window-s-d.lib(Joystick.cpp.obj) : warning LNK4204: 'C:\Users\Cody\Desktop\NEWPLATFORMER\Platformer2\Engine\x64\Debug\vc140.pdb' is missing debugging information for referencing module; linking object as if no debug info
sfml-window-s-d.lib(JoystickManager.cpp.obj) : warning LNK4204: 'C:\Users\Cody\Desktop\NEWPLATFORMER\Platformer2\Engine\x64\Debug\vc140.pdb' is missing debugging information for referencing module; linking object as if no debug info
sfml-window-s-d.lib(Keyboard.cpp.obj) : warning LNK4204: 'C:\Users\Cody\Desktop\NEWPLATFORMER\Platformer2\Engine\x64\Debug\vc140.pdb' is missing debugging information for referencing module; linking object as if no debug info
sfml-window-s-d.lib(SensorManager.cpp.obj) : warning LNK4204: 'C:\Users\Cody\Desktop\NEWPLATFORMER\Platformer2\Engine\x64\Debug\vc140.pdb' is missing debugging information for referencing module; linking object as if no debug info
sfml-window-s-d.lib(VideoMode.cpp.obj) : warning LNK4204: 'C:\Users\Cody\Desktop\NEWPLATFORMER\Platformer2\Engine\x64\Debug\vc140.pdb' is missing debugging information for referencing module; linking object as if no debug info
sfml-window-s-d.lib(Window.cpp.obj) : warning LNK4204: 'C:\Users\Cody\Desktop\NEWPLATFORMER\Platformer2\Engine\x64\Debug\vc140.pdb' is missing debugging information for referencing module; linking object as if no debug info
sfml-window-s-d.lib(WindowImpl.cpp.obj) : warning LNK4204: 'C:\Users\Cody\Desktop\NEWPLATFORMER\Platformer2\Engine\x64\Debug\vc140.pdb' is missing debugging information for referencing module; linking object as if no debug info
sfml-window-s-d.lib(WglContext.cpp.obj) : warning LNK4204: 'C:\Users\Cody\Desktop\NEWPLATFORMER\Platformer2\Engine\x64\Debug\vc140.pdb' is missing debugging information for referencing module; linking object as if no debug info
sfml-window-s-d.lib(WglExtensions.cpp.obj) : warning LNK4204: 'C:\Users\Cody\Desktop\NEWPLATFORMER\Platformer2\Engine\x64\Debug\vc140.pdb' is missing debugging information for referencing module; linking object as if no debug info
sfml-window-s-d.lib(InputImpl.cpp.obj) : warning LNK4204: 'C:\Users\Cody\Desktop\NEWPLATFORMER\Platformer2\Engine\x64\Debug\vc140.pdb' is missing debugging information for referencing module; linking object as if no debug info
sfml-window-s-d.lib(JoystickImpl.cpp.obj) : warning LNK4204: 'C:\Users\Cody\Desktop\NEWPLATFORMER\Platformer2\Engine\x64\Debug\vc140.pdb' is missing debugging information for referencing module; linking object as if no debug info
sfml-window-s-d.lib(SensorImpl.cpp.obj) : warning LNK4204: 'C:\Users\Cody\Desktop\NEWPLATFORMER\Platformer2\Engine\x64\Debug\vc140.pdb' is missing debugging information for referencing module; linking object as if no debug info
sfml-window-s-d.lib(VideoModeImpl.cpp.obj) : warning LNK4204: 'C:\Users\Cody\Desktop\NEWPLATFORMER\Platformer2\Engine\x64\Debug\vc140.pdb' is missing debugging information for referencing module; linking object as if no debug info
sfml-window-s-d.lib(WindowImplWin32.cpp.obj) : warning LNK4204: 'C:\Users\Cody\Desktop\NEWPLATFORMER\Platformer2\Engine\x64\Debug\vc140.pdb' is missing debugging information for referencing module; linking object as if no debug info
sfml-system-s-d.lib(Clock.cpp.obj) : warning LNK4204: 'C:\Users\Cody\Desktop\NEWPLATFORMER\Platformer2\Engine\x64\Debug\vc140.pdb' is missing debugging information for referencing module; linking object as if no debug info
sfml-system-s-d.lib(Err.cpp.obj) : warning LNK4204: 'C:\Users\Cody\Desktop\NEWPLATFORMER\Platformer2\Engine\x64\Debug\vc140.pdb' is missing debugging information for referencing module; linking object as if no debug info
sfml-system-s-d.lib(Lock.cpp.obj) : warning LNK4204: 'C:\Users\Cody\Desktop\NEWPLATFORMER\Platformer2\Engine\x64\Debug\vc140.pdb' is missing debugging information for referencing module; linking object as if no debug info
sfml-system-s-d.lib(Mutex.cpp.obj) : warning LNK4204: 'C:\Users\Cody\Desktop\NEWPLATFORMER\Platformer2\Engine\x64\Debug\vc140.pdb' is missing debugging information for referencing module; linking object as if no debug info
sfml-system-s-d.lib(Sleep.cpp.obj) : warning LNK4204: 'C:\Users\Cody\Desktop\NEWPLATFORMER\Platformer2\Engine\x64\Debug\vc140.pdb' is missing debugging information for referencing module; linking object as if no debug info
sfml-system-s-d.lib(String.cpp.obj) : warning LNK4204: 'C:\Users\Cody\Desktop\NEWPLATFORMER\Platformer2\Engine\x64\Debug\vc140.pdb' is missing debugging information for referencing module; linking object as if no debug info
sfml-system-s-d.lib(ThreadLocal.cpp.obj) : warning LNK4204: 'C:\Users\Cody\Desktop\NEWPLATFORMER\Platformer2\Engine\x64\Debug\vc140.pdb' is missing debugging information for referencing module; linking object as if no debug info
sfml-system-s-d.lib(Time.cpp.obj) : warning LNK4204: 'C:\Users\Cody\Desktop\NEWPLATFORMER\Platformer2\Engine\x64\Debug\vc140.pdb' is missing debugging information for referencing module; linking object as if no debug info
sfml-system-s-d.lib(ClockImpl.cpp.obj) : warning LNK4204: 'C:\Users\Cody\Desktop\NEWPLATFORMER\Platformer2\Engine\x64\Debug\vc140.pdb' is missing debugging information for referencing module; linking object as if no debug info
sfml-system-s-d.lib(MutexImpl.cpp.obj) : warning LNK4204: 'C:\Users\Cody\Desktop\NEWPLATFORMER\Platformer2\Engine\x64\Debug\vc140.pdb' is missing debugging information for referencing module; linking object as if no debug info
sfml-system-s-d.lib(SleepImpl.cpp.obj) : warning LNK4204: 'C:\Users\Cody\Desktop\NEWPLATFORMER\Platformer2\Engine\x64\Debug\vc140.pdb' is missing debugging information for referencing module; linking object as if no debug info
sfml-system-s-d.lib(ThreadLocalImpl.cpp.obj) : warning LNK4204: 'C:\Users\Cody\Desktop\NEWPLATFORMER\Platformer2\Engine\x64\Debug\vc140.pdb' is missing debugging information for referencing module; linking object as if no debug info
  Engine.vcxproj -> C:\Users\Cody\Desktop\NEWPLATFORMER\Platformer2\Engine\x64\Debug\Engine.exe
  Engine.vcxproj -> C:\Users\Cody\Desktop\NEWPLATFORMER\Platformer2\Engine\x64\Debug\Engine.pdb (Full PDB)
